0 info it worked if it ends with ok
1 verbose cli [ '/usr/local/bin/node', '/usr/local/bin/npm', 'run', 'test' ]
2 info using npm@3.10.10
3 info using node@v6.10.0
4 verbose run-script [ 'pretest', 'test', 'posttest' ]
5 info lifecycle jsoneditor4code@0.9.3~pretest: jsoneditor4code@0.9.3
6 silly lifecycle jsoneditor4code@0.9.3~pretest: no script for pretest, continuing
7 info lifecycle jsoneditor4code@0.9.3~test: jsoneditor4code@0.9.3
8 verbose lifecycle jsoneditor4code@0.9.3~test: unsafe-perm in lifecycle true
9 verbose lifecycle jsoneditor4code@0.9.3~test: PATH: /usr/local/lib/node_modules/npm/bin/node-gyp-bin:/Users/niehaus/Nextcloud/Javascript/JSONEditor/jsoneditor4code/node_modules/.bin:/usr/local/bin:/usr/bin:/bin:/usr/sbin:/sbin:/opt/X11/bin:/Library/TeX/texbin
10 verbose lifecycle jsoneditor4code@0.9.3~test: CWD: /Users/niehaus/Nextcloud/Javascript/JSONEditor/jsoneditor4code
11 silly lifecycle jsoneditor4code@0.9.3~test: Args: [ '-c', 'jshint dist/jsoneditor4code.js' ]
12 silly lifecycle jsoneditor4code@0.9.3~test: Returned: code: 2  signal: null
13 info lifecycle jsoneditor4code@0.9.3~test: Failed to exec test script
14 verbose stack Error: jsoneditor4code@0.9.3 test: `jshint dist/jsoneditor4code.js`
14 verbose stack Exit status 2
14 verbose stack     at EventEmitter.<anonymous> (/usr/local/lib/node_modules/npm/lib/utils/lifecycle.js:255:16)
14 verbose stack     at emitTwo (events.js:106:13)
14 verbose stack     at EventEmitter.emit (events.js:191:7)
14 verbose stack     at ChildProcess.<anonymous> (/usr/local/lib/node_modules/npm/lib/utils/spawn.js:40:14)
14 verbose stack     at emitTwo (events.js:106:13)
14 verbose stack     at ChildProcess.emit (events.js:191:7)
14 verbose stack     at maybeClose (internal/child_process.js:877:16)
14 verbose stack     at Process.ChildProcess._handle.onexit (internal/child_process.js:226:5)
15 verbose pkgid jsoneditor4code@0.9.3
16 verbose cwd /Users/niehaus/Nextcloud/Javascript/JSONEditor/jsoneditor4code
17 error Darwin 16.7.0
18 error argv "/usr/local/bin/node" "/usr/local/bin/npm" "run" "test"
19 error node v6.10.0
20 error npm  v3.10.10
21 error code ELIFECYCLE
22 error jsoneditor4code@0.9.3 test: `jshint dist/jsoneditor4code.js`
22 error Exit status 2
23 error Failed at the jsoneditor4code@0.9.3 test script 'jshint dist/jsoneditor4code.js'.
23 error Make sure you have the latest version of node.js and npm installed.
23 error If you do, this is most likely a problem with the jsoneditor4code package,
23 error not with npm itself.
23 error Tell the author that this fails on your system:
23 error     jshint dist/jsoneditor4code.js
23 error You can get information on how to open an issue for this project with:
23 error     npm bugs jsoneditor4code
23 error Or if that isn't available, you can get their info via:
23 error     npm owner ls jsoneditor4code
23 error There is likely additional logging output above.
24 verbose exit [ 1, true ]
